<?xml version="1.0" encoding="UTF-8"?>
<robot generator="Robot 7.4.2 (Python 3.14.4 on win32)" generated="2026-05-13T23:11:38.967865" rpa="false" schemaversion="5">
<suite id="s1" name="Tests" source="D:\__Claude\uds_robot_project\tests">
<suite id="s1-s1" name="Test Vin" source="D:\__Claude\uds_robot_project\tests\test_vin.robot">
<test id="s1-s1-t1" name="Validate VIN DID Positive Scenario" line="7">
<kw name="Read Vin" owner="uds">
<msg time="2026-05-13T23:11:39.015578" level="INFO">Sending Request: 22 F1 90</msg>
<msg time="2026-05-13T23:11:39.015675" level="INFO">${vin} = WV123456789ABCDEF</msg>
<var>${vin}</var>
<status status="PASS" start="2026-05-13T23:11:39.015449" elapsed="0.000253"/>
</kw>
<kw name="Should Not Be Empty" owner="BuiltIn">
<msg time="2026-05-13T23:11:39.016626" level="INFO">Length is 17.</msg>
<arg>${vin}</arg>
<doc>Verifies that the given item is not empty.</doc>
<status status="PASS" start="2026-05-13T23:11:39.016211" elapsed="0.000465"/>
</kw>
<kw name="Length Should Be" owner="BuiltIn">
<msg time="2026-05-13T23:11:39.017473" level="INFO">Length is 17.</msg>
<arg>${vin}</arg>
<arg>17</arg>
<doc>Verifies that the length of the given item is correct.</doc>
<status status="PASS" start="2026-05-13T23:11:39.016967" elapsed="0.000579"/>
</kw>
<kw name="Log" owner="BuiltIn">
<msg time="2026-05-13T23:11:39.018356" level="INFO">VIN = WV123456789ABCDEF</msg>
<arg>VIN = ${vin}</arg>
<doc>Logs the given message with the given level.</doc>
<status status="PASS" start="2026-05-13T23:11:39.017882" elapsed="0.000543"/>
</kw>
<doc>Verify ECU returns VIN correctly for DID F190</doc>
<status status="PASS" start="2026-05-13T23:11:39.014614" elapsed="0.004138"/>
</test>
<test id="s1-s1-t2" name="Validate Invalid DID Negative Scenario" line="16">
<kw name="Read Invalid Did" owner="uds">
<msg time="2026-05-13T23:11:39.020676" level="INFO">Sending Request: 22 F1 99</msg>
<msg time="2026-05-13T23:11:39.020821" level="INFO">${response} = "1</msg>
<var>${response}</var>
<status status="PASS" start="2026-05-13T23:11:39.020499" elapsed="0.000363"/>
</kw>
<kw name="Log" owner="BuiltIn">
<msg time="2026-05-13T23:11:39.021547" level="INFO">Response = "1</msg>
<arg>Response = ${response}</arg>
<doc>Logs the given message with the given level.</doc>
<status status="PASS" start="2026-05-13T23:11:39.021139" elapsed="0.000457"/>
</kw>
<doc>Verify ECU returns NRC 0x31 for unsupported DID</doc>
<status status="PASS" start="2026-05-13T23:11:39.019659" elapsed="0.002215"/>
</test>
<status status="PASS" start="2026-05-13T23:11:39.011632" elapsed="0.010994"/>
</suite>
<status status="PASS" start="2026-05-13T23:11:38.970061" elapsed="0.053862"/>
</suite>
<statistics>
<total>
<stat pass="2" fail="0" skip="0">All Tests</stat>
</total>
<tag>
</tag>
<suite>
<stat name="Tests" id="s1" pass="2" fail="0" skip="0">Tests</stat>
<stat name="Test Vin" id="s1-s1" pass="2" fail="0" skip="0">Tests.Test Vin</stat>
</suite>
</statistics>
<errors>
</errors>
</robot>
