<?xml version="1.0" encoding="UTF-8"?>
<robot generator="Robot 7.4.2 (Python 3.14.4 on win32)" generated="2026-05-11T09:59:35.231996" rpa="false" schemaversion="5">
<suite id="s1" name="Tests" source="D:\__Claude\uds_robot_project\tests">
<suite id="s1-s1" name="Test Vin" source="D:\__Claude\uds_robot_project\tests\test_vin.robot">
<test id="s1-s1-t1" name="Validate VIN DID" line="5">
<kw name="Read Vin" owner="uds">
<msg time="2026-05-11T09:59:35.282475" level="INFO">Sending Request: 22 F1 90</msg>
<msg time="2026-05-11T09:59:35.282662" level="INFO">${vin} = WV123456789ABCDEF</msg>
<var>${vin}</var>
<status status="PASS" start="2026-05-11T09:59:35.282262" elapsed="0.000449"/>
</kw>
<kw name="Should Not Be Empty" owner="BuiltIn">
<msg time="2026-05-11T09:59:35.284241" level="INFO">Length is 17.</msg>
<arg>${vin}</arg>
<doc>Verifies that the given item is not empty.</doc>
<status status="PASS" start="2026-05-11T09:59:35.283557" elapsed="0.000809"/>
</kw>
<kw name="Length Should Be" owner="BuiltIn">
<msg time="2026-05-11T09:59:35.285049" level="INFO">Length is 17.</msg>
<arg>${vin}</arg>
<arg>17</arg>
<doc>Verifies that the length of the given item is correct.</doc>
<status status="PASS" start="2026-05-11T09:59:35.284698" elapsed="0.000397"/>
</kw>
<kw name="Log" owner="BuiltIn">
<msg time="2026-05-11T09:59:35.285675" level="INFO">VIN = WV123456789ABCDEF</msg>
<arg>VIN = ${vin}</arg>
<doc>Logs the given message with the given level.</doc>
<status status="PASS" start="2026-05-11T09:59:35.285389" elapsed="0.000346"/>
</kw>
<status status="PASS" start="2026-05-11T09:59:35.281203" elapsed="0.004826"/>
</test>
<status status="PASS" start="2026-05-11T09:59:35.268720" elapsed="0.018218"/>
</suite>
<status status="PASS" start="2026-05-11T09:59:35.233987" elapsed="0.053998"/>
</suite>
<statistics>
<total>
<stat pass="1" fail="0" skip="0">All Tests</stat>
</total>
<tag>
</tag>
<suite>
<stat name="Tests" id="s1" pass="1" fail="0" skip="0">Tests</stat>
<stat name="Test Vin" id="s1-s1" pass="1" fail="0" skip="0">Tests.Test Vin</stat>
</suite>
</statistics>
<errors>
</errors>
</robot>
